"is_built_exec_test_parser" "true"
"built_exec_test_parser" "/Users/rgrinberg/reps/stringext/_build/lib_test/test_stringext.native"
"install-findlib" "stringext"
"install-file" "/usr/local/bin/test_stringext"
"is_built_lib_stringext" "true"
"built_lib_stringext" "/Users/rgrinberg/reps/stringext/_build/lib/stringext.cma"
"built_lib_stringext" "/Users/rgrinberg/reps/stringext/_build/lib/stringext.cmxa"
"built_lib_stringext" "/Users/rgrinberg/reps/stringext/_build/lib/stringext.a"
"built_lib_stringext" "/Users/rgrinberg/reps/stringext/_build/lib/stringext.cmxs"
"built_lib_stringext" "/Users/rgrinberg/reps/stringext/_build/lib/stringext.cmi"
"built_lib_stringext" "/Users/rgrinberg/reps/stringext/_build/lib/stringext.cmx"
"is_built_exec_test_stringext" "true"
"built_exec_test_stringext" "/Users/rgrinberg/reps/stringext/_build/lib_test/test_stringext.native"
"is_built_lib_stringext" "true"
"built_lib_stringext" "/Users/rgrinberg/reps/stringext/_build/lib/stringext.cma"
"built_lib_stringext" "/Users/rgrinberg/reps/stringext/_build/lib/stringext.cmxa"
"built_lib_stringext" "/Users/rgrinberg/reps/stringext/_build/lib/stringext.a"
"built_lib_stringext" "/Users/rgrinberg/reps/stringext/_build/lib/stringext.cmxs"
"built_lib_stringext" "/Users/rgrinberg/reps/stringext/_build/lib/stringext.cmi"
"built_lib_stringext" "/Users/rgrinberg/reps/stringext/_build/lib/stringext.cmx"
"is_built_exec_test_stringext" "true"
"built_exec_test_stringext" "/Users/rgrinberg/reps/stringext/_build/lib_test/test_stringext.native"
"is_built_lib_stringext" "true"
"built_lib_stringext" "/Users/rgrinberg/reps/stringext/_build/lib/stringext.cma"
"built_lib_stringext" "/Users/rgrinberg/reps/stringext/_build/lib/stringext.cmxa"
"built_lib_stringext" "/Users/rgrinberg/reps/stringext/_build/lib/stringext.a"
"built_lib_stringext" "/Users/rgrinberg/reps/stringext/_build/lib/stringext.cmxs"
"built_lib_stringext" "/Users/rgrinberg/reps/stringext/_build/lib/stringext.cmi"
"built_lib_stringext" "/Users/rgrinberg/reps/stringext/_build/lib/stringext.cmx"
"is_built_exec_test_stringext" "true"
"built_exec_test_stringext" "/Users/rgrinberg/reps/stringext/_build/lib_test/test_stringext.native"
"is_built_lib_stringext" "true"
"built_lib_stringext" "/Users/rgrinberg/reps/stringext/_build/lib/stringext.cma"
"built_lib_stringext" "/Users/rgrinberg/reps/stringext/_build/lib/stringext.cmxa"
"built_lib_stringext" "/Users/rgrinberg/reps/stringext/_build/lib/stringext.a"
"built_lib_stringext" "/Users/rgrinberg/reps/stringext/_build/lib/stringext.cmxs"
"built_lib_stringext" "/Users/rgrinberg/reps/stringext/_build/lib/stringext.cmi"
"built_lib_stringext" "/Users/rgrinberg/reps/stringext/_build/lib/stringext.cmx"
"is_built_exec_test_stringext" "true"
"built_exec_test_stringext" "/Users/rgrinberg/reps/stringext/_build/lib_test/test_stringext.native"
"is_built_lib_stringext" "true"
"built_lib_stringext" "/Users/rgrinberg/reps/stringext/_build/lib/stringext.cma"
"built_lib_stringext" "/Users/rgrinberg/reps/stringext/_build/lib/stringext.cmxa"
"built_lib_stringext" "/Users/rgrinberg/reps/stringext/_build/lib/stringext.a"
"built_lib_stringext" "/Users/rgrinberg/reps/stringext/_build/lib/stringext.cmxs"
"built_lib_stringext" "/Users/rgrinberg/reps/stringext/_build/lib/stringext.cmi"
"built_lib_stringext" "/Users/rgrinberg/reps/stringext/_build/lib/stringext.cmx"
"is_built_exec_test_stringext" "true"
"built_exec_test_stringext" "/Users/rgrinberg/reps/stringext/_build/lib_test/test_stringext.native"
"is_built_lib_stringext" "true"
"built_lib_stringext" "/Users/rgrinberg/reps/stringext/_build/lib/stringext.cma"
"built_lib_stringext" "/Users/rgrinberg/reps/stringext/_build/lib/stringext.cmxa"
"built_lib_stringext" "/Users/rgrinberg/reps/stringext/_build/lib/stringext.a"
"built_lib_stringext" "/Users/rgrinberg/reps/stringext/_build/lib/stringext.cmxs"
"built_lib_stringext" "/Users/rgrinberg/reps/stringext/_build/lib/stringext.cmi"
"built_lib_stringext" "/Users/rgrinberg/reps/stringext/_build/lib/stringext.cmx"
"is_built_exec_test_stringext" "true"
"built_exec_test_stringext" "/Users/rgrinberg/reps/stringext/_build/lib_test/test_stringext.native"
"is_built_lib_stringext" "true"
"built_lib_stringext" "/Users/rgrinberg/reps/stringext/_build/lib/stringext.cma"
"built_lib_stringext" "/Users/rgrinberg/reps/stringext/_build/lib/stringext.cmxa"
"built_lib_stringext" "/Users/rgrinberg/reps/stringext/_build/lib/stringext.a"
"built_lib_stringext" "/Users/rgrinberg/reps/stringext/_build/lib/stringext.cmxs"
"built_lib_stringext" "/Users/rgrinberg/reps/stringext/_build/lib/stringext.cmi"
"built_lib_stringext" "/Users/rgrinberg/reps/stringext/_build/lib/stringext.cmx"
"is_built_exec_test_stringext" "true"
"built_exec_test_stringext" "/Users/rgrinberg/reps/stringext/_build/lib_test/test_stringext.native"
"is_built_lib_stringext" "true"
"built_lib_stringext" "/Users/rgrinberg/reps/stringext/_build/lib/stringext.cma"
"built_lib_stringext" "/Users/rgrinberg/reps/stringext/_build/lib/stringext.cmxa"
"built_lib_stringext" "/Users/rgrinberg/reps/stringext/_build/lib/stringext.a"
"built_lib_stringext" "/Users/rgrinberg/reps/stringext/_build/lib/stringext.cmxs"
"built_lib_stringext" "/Users/rgrinberg/reps/stringext/_build/lib/stringext.cmi"
"built_lib_stringext" "/Users/rgrinberg/reps/stringext/_build/lib/stringext.cmx"
"is_built_exec_test_stringext" "true"
"built_exec_test_stringext" "/Users/rgrinberg/reps/stringext/_build/lib_test/test_stringext.native"
"is_built_lib_stringext" "true"
"built_lib_stringext" "/Users/rgrinberg/reps/stringext/_build/lib/stringext.cma"
"built_lib_stringext" "/Users/rgrinberg/reps/stringext/_build/lib/stringext.cmxa"
"built_lib_stringext" "/Users/rgrinberg/reps/stringext/_build/lib/stringext.a"
"built_lib_stringext" "/Users/rgrinberg/reps/stringext/_build/lib/stringext.cmxs"
"built_lib_stringext" "/Users/rgrinberg/reps/stringext/_build/lib/stringext.cmi"
"built_lib_stringext" "/Users/rgrinberg/reps/stringext/_build/lib/stringext.cmx"
"is_built_exec_test_stringext" "true"
"built_exec_test_stringext" "/Users/rgrinberg/reps/stringext/_build/lib_test/test_stringext.native"
"is_built_lib_stringext" "true"
"built_lib_stringext" "/Users/rgrinberg/reps/stringext/_build/lib/stringext.cma"
"built_lib_stringext" "/Users/rgrinberg/reps/stringext/_build/lib/stringext.cmxa"
"built_lib_stringext" "/Users/rgrinberg/reps/stringext/_build/lib/stringext.a"
"built_lib_stringext" "/Users/rgrinberg/reps/stringext/_build/lib/stringext.cmxs"
"built_lib_stringext" "/Users/rgrinberg/reps/stringext/_build/lib/stringext.cmi"
"built_lib_stringext" "/Users/rgrinberg/reps/stringext/_build/lib/stringext.cmx"
"is_built_exec_test_stringext" "true"
"built_exec_test_stringext" "/Users/rgrinberg/reps/stringext/_build/lib_test/test_stringext.native"
"is_built_lib_stringext" "true"
"built_lib_stringext" "/Users/rgrinberg/reps/stringext/_build/lib/stringext.cma"
"built_lib_stringext" "/Users/rgrinberg/reps/stringext/_build/lib/stringext.cmxa"
"built_lib_stringext" "/Users/rgrinberg/reps/stringext/_build/lib/stringext.a"
"built_lib_stringext" "/Users/rgrinberg/reps/stringext/_build/lib/stringext.cmxs"
"built_lib_stringext" "/Users/rgrinberg/reps/stringext/_build/lib/stringext.cmi"
"built_lib_stringext" "/Users/rgrinberg/reps/stringext/_build/lib/stringext.cmx"
"is_built_exec_test_stringext" "true"
"built_exec_test_stringext" "/Users/rgrinberg/reps/stringext/_build/lib_test/test_stringext.native"
"is_built_lib_stringext" "true"
"built_lib_stringext" "/Users/rgrinberg/reps/stringext/_build/lib/stringext.cma"
"built_lib_stringext" "/Users/rgrinberg/reps/stringext/_build/lib/stringext.cmxa"
"built_lib_stringext" "/Users/rgrinberg/reps/stringext/_build/lib/stringext.a"
"built_lib_stringext" "/Users/rgrinberg/reps/stringext/_build/lib/stringext.cmxs"
"built_lib_stringext" "/Users/rgrinberg/reps/stringext/_build/lib/stringext.cmi"
"built_lib_stringext" "/Users/rgrinberg/reps/stringext/_build/lib/stringext.cmx"
"is_built_exec_test_stringext" "true"
"built_exec_test_stringext" "/Users/rgrinberg/reps/stringext/_build/lib_test/test_stringext.native"
"is_built_lib_stringext" "true"
"built_lib_stringext" "/Users/rgrinberg/reps/stringext/_build/lib/stringext.cma"
"built_lib_stringext" "/Users/rgrinberg/reps/stringext/_build/lib/stringext.cmxa"
"built_lib_stringext" "/Users/rgrinberg/reps/stringext/_build/lib/stringext.a"
"built_lib_stringext" "/Users/rgrinberg/reps/stringext/_build/lib/stringext.cmxs"
"built_lib_stringext" "/Users/rgrinberg/reps/stringext/_build/lib/stringext.cmi"
"built_lib_stringext" "/Users/rgrinberg/reps/stringext/_build/lib/stringext.cmx"
"is_built_exec_test_stringext" "true"
"built_exec_test_stringext" "/Users/rgrinberg/reps/stringext/_build/lib_test/test_stringext.native"
"is_built_lib_stringext" "true"
"built_lib_stringext" "/Users/rgrinberg/reps/stringext/_build/lib/stringext.cma"
"built_lib_stringext" "/Users/rgrinberg/reps/stringext/_build/lib/stringext.cmxa"
"built_lib_stringext" "/Users/rgrinberg/reps/stringext/_build/lib/stringext.a"
"built_lib_stringext" "/Users/rgrinberg/reps/stringext/_build/lib/stringext.cmxs"
"built_lib_stringext" "/Users/rgrinberg/reps/stringext/_build/lib/stringext.cmi"
"built_lib_stringext" "/Users/rgrinberg/reps/stringext/_build/lib/stringext.cmx"
"is_built_exec_test_stringext" "true"
"built_exec_test_stringext" "/Users/rgrinberg/reps/stringext/_build/lib_test/test_stringext.native"
"is_built_lib_stringext" "true"
"built_lib_stringext" "/Users/rgrinberg/reps/stringext/_build/lib/stringext.cma"
"built_lib_stringext" "/Users/rgrinberg/reps/stringext/_build/lib/stringext.cmxa"
"built_lib_stringext" "/Users/rgrinberg/reps/stringext/_build/lib/stringext.a"
"built_lib_stringext" "/Users/rgrinberg/reps/stringext/_build/lib/stringext.cmxs"
"built_lib_stringext" "/Users/rgrinberg/reps/stringext/_build/lib/stringext.cmi"
"built_lib_stringext" "/Users/rgrinberg/reps/stringext/_build/lib/stringext.cmx"
"is_built_exec_test_stringext" "true"
"built_exec_test_stringext" "/Users/rgrinberg/reps/stringext/_build/lib_test/test_stringext.native"
"is_built_lib_stringext" "true"
"built_lib_stringext" "/Users/rgrinberg/reps/stringext/_build/lib/stringext.cma"
"built_lib_stringext" "/Users/rgrinberg/reps/stringext/_build/lib/stringext.cmxa"
"built_lib_stringext" "/Users/rgrinberg/reps/stringext/_build/lib/stringext.a"
"built_lib_stringext" "/Users/rgrinberg/reps/stringext/_build/lib/stringext.cmxs"
"built_lib_stringext" "/Users/rgrinberg/reps/stringext/_build/lib/stringext.cmi"
"built_lib_stringext" "/Users/rgrinberg/reps/stringext/_build/lib/stringext.cmx"
"is_built_exec_test_stringext" "true"
"built_exec_test_stringext" "/Users/rgrinberg/reps/stringext/_build/lib_test/test_stringext.native"
